This file contains any messages produced by compilers while
running configure, to aid debugging if configure makes a mistake.

It was created by core-testsuite-template configure 1.0.0, which was
generated by GNU Autoconf 2.68.  Invocation command line was

  $ ./configure prefix=/usr

## --------- ##
## Platform. ##
## --------- ##

hostname = localhost
uname -m = i686
uname -r = 3.5.5-slp.12.6-adaptation-intel-automotive
uname -s = Linux
uname -v = #1 SMP PREEMPT Tue Dec 4 22:53:25 UTC 2012

/usr/bin/uname -p = unknown
/bin/uname -X     = unknown

/bin/arch              = unknown
/usr/bin/arch -k       = unknown
/usr/convex/getsysinfo = unknown
/usr/bin/hostinfo      = unknown
/bin/machine           = unknown
/usr/bin/oslevel       = unknown
/bin/universe          = unknown

PATH: /usr/local/sbin
PATH: /usr/local/bin
PATH: /usr/sbin
PATH: /usr/bin
PATH: /sbin
PATH: /bin
PATH: /usr/bin/X11


## ----------- ##
## Core tests. ##
## ----------- ##

configure:1899: checking for a BSD-compatible install
configure:1967: result: /usr/bin/install -c
configure:1978: checking whether build environment is sane
configure:2028: result: yes
configure:2169: checking for a thread-safe mkdir -p
configure:2208: result: /bin/mkdir -p
configure:2221: checking for gawk
configure:2237: found /usr/bin/gawk
configure:2248: result: gawk
configure:2259: checking whether make sets $(MAKE)
configure:2281: result: yes
configure:2410: checking for gcc
configure:2426: found /usr/bin/gcc
configure:2437: result: gcc
configure:2666: checking for C compiler version
configure:2675: gcc --version >&5
gcc (GCC) 4.5.3
Copyright (C) 2010 Free Software Foundation, Inc.
This is free software; see the source for copying conditions.  There is NO
warranty; not even for MERCHANTABILITY or FITNESS FOR A PARTICULAR PURPOSE.

configure:2686: $? = 0
configure:2675: gcc -v >&5
Using built-in specs.
COLLECT_GCC=gcc
COLLECT_LTO_WRAPPER=/usr/libexec/gcc/i586-tizen-linux/4.5.3/lto-wrapper
Target: i586-tizen-linux
Configured with: ../configure --prefix=/usr --mandir=/usr/share/man --infodir=/usr/share/info --enable-shared --enable-linker-build-id --enable-checking=release --enable-multiarch --with-ppl --with-cloog --with-system-zlib --enable-__cxa_atexit --disable-libunwind-exceptions --enable-gnu-unique-object --enable-lto --without-included-gettext --enable-threads=posix --enable-nls --disable-bootstrap --enable-clocale=gnu --enable-libstdcxx-debug --enable-libstdcxx-time=yes --enable-plugin --enable-gold --enable-ld=default --with-plugin-ld=ld.gold --enable-languages=c,c++ --disable-libgcj --with-tune=generic --with-arch=i686 --build=i586-tizen-linux
Thread model: posix
gcc version 4.5.3 (GCC) 
configure:2686: $? = 0
configure:2675: gcc -V >&5
gcc: '-V' option must have argument
configure:2686: $? = 1
configure:2675: gcc -qversion >&5
gcc: unrecognized option '-qversion'
gcc: no input files
configure:2686: $? = 1
configure:2706: checking whether the C compiler works
configure:2728: gcc    conftest.c  >&5
configure:2732: $? = 0
configure:2780: result: yes
configure:2783: checking for C compiler default output file name
configure:2785: result: a.out
configure:2791: checking for suffix of executables
configure:2798: gcc -o conftest    conftest.c  >&5
configure:2802: $? = 0
configure:2824: result: 
configure:2846: checking whether we are cross compiling
configure:2854: gcc -o conftest    conftest.c  >&5
configure:2858: $? = 0
configure:2865: ./conftest
configure:2869: $? = 0
configure:2884: result: no
configure:2889: checking for suffix of object files
configure:2911: gcc -c   conftest.c >&5
configure:2915: $? = 0
configure:2936: result: o
configure:2940: checking whether we are using the GNU C compiler
configure:2959: gcc -c   conftest.c >&5
configure:2959: $? = 0
configure:2968: result: yes
configure:2977: checking whether gcc accepts -g
configure:2997: gcc -c -g  conftest.c >&5
configure:2997: $? = 0
configure:3038: result: yes
configure:3055: checking for gcc option to accept ISO C89
configure:3119: gcc  -c -g -O2  conftest.c >&5
configure:3119: $? = 0
configure:3132: result: none needed
configure:3163: checking for style of include used by make
configure:3191: result: GNU
configure:3216: checking dependency style of gcc
configure:3326: result: gcc3
configure:3342: checking for library containing strerror
configure:3373: gcc -o conftest -g -O2   conftest.c  >&5
configure:3373: $? = 0
configure:3390: result: none required
configure:3399: checking whether ln -s works
configure:3403: result: yes
configure:3410: checking whether make sets $(MAKE)
configure:3432: result: yes
configure:3446: checking how to run the C preprocessor
configure:3477: gcc -E  conftest.c
In file included from /usr/include/bits/posix1_lim.h:157:0,
                 from /usr/include/limits.h:145,
                 from /usr/lib/gcc/i586-tizen-linux/4.5.3/include/limits.h:169,
                 from /usr/lib/gcc/i586-tizen-linux/4.5.3/include/syslimits.h:7,
                 from /usr/lib/gcc/i586-tizen-linux/4.5.3/include/limits.h:34,
                 from conftest.c:12:
/usr/include/bits/local_lim.h:39:26: fatal error: linux/limits.h: No such file or directory
compilation terminated.
configure:3477: $? = 1
configure: failed program was:
| /* confdefs.h */
| #define PACKAGE_NAME "core-testsuite-template"
| #define PACKAGE_TARNAME "core-testsuite-template"
| #define PACKAGE_VERSION "1.0.0"
| #define PACKAGE_STRING "core-testsuite-template 1.0.0"
| #define PACKAGE_BUGREPORT "name@company.com"
| #define PACKAGE_URL ""
| #define PACKAGE "core-testsuite-template"
| #define VERSION "1.0.0"
| /* end confdefs.h.  */
| #ifdef __STDC__
| # include <limits.h>
| #else
| # include <assert.h>
| #endif
| 		     Syntax error
configure:3477: gcc -E  conftest.c
In file included from /usr/include/bits/posix1_lim.h:157:0,
                 from /usr/include/limits.h:145,
                 from /usr/lib/gcc/i586-tizen-linux/4.5.3/include/limits.h:169,
                 from /usr/lib/gcc/i586-tizen-linux/4.5.3/include/syslimits.h:7,
                 from /usr/lib/gcc/i586-tizen-linux/4.5.3/include/limits.h:34,
                 from conftest.c:12:
/usr/include/bits/local_lim.h:39:26: fatal error: linux/limits.h: No such file or directory
compilation terminated.
configure:3477: $? = 1
configure: failed program was:
| /* confdefs.h */
| #define PACKAGE_NAME "core-testsuite-template"
| #define PACKAGE_TARNAME "core-testsuite-template"
| #define PACKAGE_VERSION "1.0.0"
| #define PACKAGE_STRING "core-testsuite-template 1.0.0"
| #define PACKAGE_BUGREPORT "name@company.com"
| #define PACKAGE_URL ""
| #define PACKAGE "core-testsuite-template"
| #define VERSION "1.0.0"
| /* end confdefs.h.  */
| #ifdef __STDC__
| # include <limits.h>
| #else
| # include <assert.h>
| #endif
| 		     Syntax error
configure:3477: gcc -E -traditional-cpp  conftest.c
In file included from /usr/include/features.h:357:0,
                 from /usr/include/assert.h:38,
                 from conftest.c:15:
/usr/include/sys/cdefs.h:32:3: error: #error "You need a ISO C conforming compiler to use the glibc headers"
configure:3477: $? = 1
configure: failed program was:
| /* confdefs.h */
| #define PACKAGE_NAME "core-testsuite-template"
| #define PACKAGE_TARNAME "core-testsuite-template"
| #define PACKAGE_VERSION "1.0.0"
| #define PACKAGE_STRING "core-testsuite-template 1.0.0"
| #define PACKAGE_BUGREPORT "name@company.com"
| #define PACKAGE_URL ""
| #define PACKAGE "core-testsuite-template"
| #define VERSION "1.0.0"
| /* end confdefs.h.  */
| #ifdef __STDC__
| # include <limits.h>
| #else
| # include <assert.h>
| #endif
| 		     Syntax error
configure:3477: gcc -E -traditional-cpp  conftest.c
In file included from /usr/include/features.h:357:0,
                 from /usr/include/assert.h:38,
                 from conftest.c:15:
/usr/include/sys/cdefs.h:32:3: error: #error "You need a ISO C conforming compiler to use the glibc headers"
configure:3477: $? = 1
configure: failed program was:
| /* confdefs.h */
| #define PACKAGE_NAME "core-testsuite-template"
| #define PACKAGE_TARNAME "core-testsuite-template"
| #define PACKAGE_VERSION "1.0.0"
| #define PACKAGE_STRING "core-testsuite-template 1.0.0"
| #define PACKAGE_BUGREPORT "name@company.com"
| #define PACKAGE_URL ""
| #define PACKAGE "core-testsuite-template"
| #define VERSION "1.0.0"
| /* end confdefs.h.  */
| #ifdef __STDC__
| # include <limits.h>
| #else
| # include <assert.h>
| #endif
| 		     Syntax error
configure:3477: /lib/cpp  conftest.c
In file included from /usr/include/bits/posix1_lim.h:157:0,
                 from /usr/include/limits.h:145,
                 from /usr/lib/gcc/i586-tizen-linux/4.5.3/include/limits.h:169,
                 from /usr/lib/gcc/i586-tizen-linux/4.5.3/include/syslimits.h:7,
                 from /usr/lib/gcc/i586-tizen-linux/4.5.3/include/limits.h:34,
                 from conftest.c:12:
/usr/include/bits/local_lim.h:39:26: fatal error: linux/limits.h: No such file or directory
compilation terminated.
configure:3477: $? = 1
configure: failed program was:
| /* confdefs.h */
| #define PACKAGE_NAME "core-testsuite-template"
| #define PACKAGE_TARNAME "core-testsuite-template"
| #define PACKAGE_VERSION "1.0.0"
| #define PACKAGE_STRING "core-testsuite-template 1.0.0"
| #define PACKAGE_BUGREPORT "name@company.com"
| #define PACKAGE_URL ""
| #define PACKAGE "core-testsuite-template"
| #define VERSION "1.0.0"
| /* end confdefs.h.  */
| #ifdef __STDC__
| # include <limits.h>
| #else
| # include <assert.h>
| #endif
| 		     Syntax error
configure:3477: /lib/cpp  conftest.c
In file included from /usr/include/bits/posix1_lim.h:157:0,
                 from /usr/include/limits.h:145,
                 from /usr/lib/gcc/i586-tizen-linux/4.5.3/include/limits.h:169,
                 from /usr/lib/gcc/i586-tizen-linux/4.5.3/include/syslimits.h:7,
                 from /usr/lib/gcc/i586-tizen-linux/4.5.3/include/limits.h:34,
                 from conftest.c:12:
/usr/include/bits/local_lim.h:39:26: fatal error: linux/limits.h: No such file or directory
compilation terminated.
configure:3477: $? = 1
configure: failed program was:
| /* confdefs.h */
| #define PACKAGE_NAME "core-testsuite-template"
| #define PACKAGE_TARNAME "core-testsuite-template"
| #define PACKAGE_VERSION "1.0.0"
| #define PACKAGE_STRING "core-testsuite-template 1.0.0"
| #define PACKAGE_BUGREPORT "name@company.com"
| #define PACKAGE_URL ""
| #define PACKAGE "core-testsuite-template"
| #define VERSION "1.0.0"
| /* end confdefs.h.  */
| #ifdef __STDC__
| # include <limits.h>
| #else
| # include <assert.h>
| #endif
| 		     Syntax error
configure:3516: result: /lib/cpp
configure:3536: /lib/cpp  conftest.c
In file included from /usr/include/bits/posix1_lim.h:157:0,
                 from /usr/include/limits.h:145,
                 from /usr/lib/gcc/i586-tizen-linux/4.5.3/include/limits.h:169,
                 from /usr/lib/gcc/i586-tizen-linux/4.5.3/include/syslimits.h:7,
                 from /usr/lib/gcc/i586-tizen-linux/4.5.3/include/limits.h:34,
                 from conftest.c:12:
/usr/include/bits/local_lim.h:39:26: fatal error: linux/limits.h: No such file or directory
compilation terminated.
configure:3536: $? = 1
configure: failed program was:
| /* confdefs.h */
| #define PACKAGE_NAME "core-testsuite-template"
| #define PACKAGE_TARNAME "core-testsuite-template"
| #define PACKAGE_VERSION "1.0.0"
| #define PACKAGE_STRING "core-testsuite-template 1.0.0"
| #define PACKAGE_BUGREPORT "name@company.com"
| #define PACKAGE_URL ""
| #define PACKAGE "core-testsuite-template"
| #define VERSION "1.0.0"
| /* end confdefs.h.  */
| #ifdef __STDC__
| # include <limits.h>
| #else
| # include <assert.h>
| #endif
| 		     Syntax error
configure:3536: /lib/cpp  conftest.c
In file included from /usr/include/bits/posix1_lim.h:157:0,
                 from /usr/include/limits.h:145,
                 from /usr/lib/gcc/i586-tizen-linux/4.5.3/include/limits.h:169,
                 from /usr/lib/gcc/i586-tizen-linux/4.5.3/include/syslimits.h:7,
                 from /usr/lib/gcc/i586-tizen-linux/4.5.3/include/limits.h:34,
                 from conftest.c:12:
/usr/include/bits/local_lim.h:39:26: fatal error: linux/limits.h: No such file or directory
compilation terminated.
configure:3536: $? = 1
configure: failed program was:
| /* confdefs.h */
| #define PACKAGE_NAME "core-testsuite-template"
| #define PACKAGE_TARNAME "core-testsuite-template"
| #define PACKAGE_VERSION "1.0.0"
| #define PACKAGE_STRING "core-testsuite-template 1.0.0"
| #define PACKAGE_BUGREPORT "name@company.com"
| #define PACKAGE_URL ""
| #define PACKAGE "core-testsuite-template"
| #define VERSION "1.0.0"
| /* end confdefs.h.  */
| #ifdef __STDC__
| # include <limits.h>
| #else
| # include <assert.h>
| #endif
| 		     Syntax error
configure:3566: error: in `/root/templates/core-testsuite-template':
configure:3568: error: C preprocessor "/lib/cpp" fails sanity check
See `config.log' for more details

## ---------------- ##
## Cache variables. ##
## ---------------- ##

ac_cv_c_compiler_gnu=yes
ac_cv_env_CC_set=
ac_cv_env_CC_value=
ac_cv_env_CFLAGS_set=
ac_cv_env_CFLAGS_value=
ac_cv_env_CPPFLAGS_set=
ac_cv_env_CPPFLAGS_value=
ac_cv_env_CPP_set=
ac_cv_env_CPP_value=
ac_cv_env_LDFLAGS_set=
ac_cv_env_LDFLAGS_value=
ac_cv_env_LIBS_set=
ac_cv_env_LIBS_value=
ac_cv_env_build_alias_set=
ac_cv_env_build_alias_value=
ac_cv_env_host_alias_set=
ac_cv_env_host_alias_value=
ac_cv_env_target_alias_set=
ac_cv_env_target_alias_value=
ac_cv_objext=o
ac_cv_path_install='/usr/bin/install -c'
ac_cv_path_mkdir=/bin/mkdir
ac_cv_prog_AWK=gawk
ac_cv_prog_CPP=/lib/cpp
ac_cv_prog_ac_ct_CC=gcc
ac_cv_prog_cc_c89=
ac_cv_prog_cc_g=yes
ac_cv_prog_make_make_set=yes
ac_cv_search_strerror='none required'
am_cv_CC_dependencies_compiler_type=gcc3

## ----------------- ##
## Output variables. ##
## ----------------- ##

ACLOCAL='${SHELL} /root/templates/core-testsuite-template/missing --run aclocal-1.11'
AMDEPBACKSLASH='\'
AMDEP_FALSE='#'
AMDEP_TRUE=''
AMTAR='${SHELL} /root/templates/core-testsuite-template/missing --run tar'
AUTOCONF='${SHELL} /root/templates/core-testsuite-template/missing --run autoconf'
AUTOHEADER='${SHELL} /root/templates/core-testsuite-template/missing --run autoheader'
AUTOMAKE='${SHELL} /root/templates/core-testsuite-template/missing --run automake-1.11'
AWK='gawk'
CC='gcc'
CCDEPMODE='depmode=gcc3'
CFLAGS='-g -O2'
CPP='/lib/cpp'
CPPFLAGS=''
CYGPATH_W='echo'
DEFS=''
DEPDIR='.deps'
ECHO_C=''
ECHO_N='-n'
ECHO_T=''
EGREP=''
EXEEXT=''
GREP=''
INSTALL_DATA='${INSTALL} -m 644'
INSTALL_PROGRAM='${INSTALL}'
INSTALL_SCRIPT='${INSTALL}'
INSTALL_STRIP_PROGRAM='$(install_sh) -c -s'
LDFLAGS=''
LIBOBJS=''
LIBS=''
LN_S='ln -s'
LTLIBOBJS=''
MAKEINFO='${SHELL} /root/templates/core-testsuite-template/missing --run makeinfo'
MKDIR_P='/bin/mkdir -p'
OBJEXT='o'
PACKAGE='core-testsuite-template'
PACKAGE_BUGREPORT='name@company.com'
PACKAGE_NAME='core-testsuite-template'
PACKAGE_STRING='core-testsuite-template 1.0.0'
PACKAGE_TARNAME='core-testsuite-template'
PACKAGE_URL=''
PACKAGE_VERSION='1.0.0'
PATH_SEPARATOR=':'
PROVIDER_SUBDIRS=''
SET_MAKE=''
SHELL='/bin/sh'
STRIP=''
TEST_BIN_DIR=''
VERSION='1.0.0'
XML_DATA_DIR=''
ac_ct_CC='gcc'
am__EXEEXT_FALSE=''
am__EXEEXT_TRUE=''
am__fastdepCC_FALSE='#'
am__fastdepCC_TRUE=''
am__include='include'
am__isrc=''
am__leading_dot='.'
am__quote=''
am__tar='${AMTAR} chof - "$$tardir"'
am__untar='${AMTAR} xf -'
bindir='${exec_prefix}/bin'
build_alias=''
datadir='${datarootdir}'
datarootdir='${prefix}/share'
docdir='${datarootdir}/doc/${PACKAGE_TARNAME}'
dvidir='${docdir}'
exec_prefix='NONE'
host_alias=''
htmldir='${docdir}'
includedir='${prefix}/include'
infodir='${datarootdir}/info'
install_sh='${SHELL} /root/templates/core-testsuite-template/install-sh'
libdir='${exec_prefix}/lib'
libexecdir='${exec_prefix}/libexec'
localedir='${datarootdir}/locale'
localstatedir='${prefix}/var'
mandir='${datarootdir}/man'
mkdir_p='/bin/mkdir -p'
oldincludedir='/usr/include'
pdfdir='${docdir}'
prefix='/usr'
program_transform_name='s,x,x,'
psdir='${docdir}'
sbindir='${exec_prefix}/sbin'
sharedstatedir='${prefix}/com'
sysconfdir='${prefix}/etc'
target_alias=''

## ----------- ##
## confdefs.h. ##
## ----------- ##

/* confdefs.h */
#define PACKAGE_NAME "core-testsuite-template"
#define PACKAGE_TARNAME "core-testsuite-template"
#define PACKAGE_VERSION "1.0.0"
#define PACKAGE_STRING "core-testsuite-template 1.0.0"
#define PACKAGE_BUGREPORT "name@company.com"
#define PACKAGE_URL ""
#define PACKAGE "core-testsuite-template"
#define VERSION "1.0.0"

configure: exit 1
